#
# A fatal error has been detected by the Java Runtime Environment:
#
#  EXCEPTION_ACCESS_VIOLATION (0xc0000005) at pc=0x0000000062b3bd50, pid=8736, tid=8940
#
# JRE version: Java(TM) SE Runtime Environment (9.0+11) (build 9.0.1+11)
# Java VM: Java HotSpot(TM) 64-Bit Server VM (9.0.1+11, mixed mode, tiered, compressed oops, g1 gc, windows-amd64)
# Problematic frame:
# V  [jvm.dll+0x32bd50]
#
# No core dump will be written. Minidumps are not enabled by default on client versions of Windows
#
# If you would like to submit a bug report, please visit:
#   http://bugreport.java.com/bugreport/crash.jsp
#

---------------  S U M M A R Y ------------

Command Line: -agentlib:jdwp=transport=dt_socket,suspend=y,address=localhost:51773 -Dfile.encoding=MS949 simple.Main

Host: Intel(R) Core(TM) i5-4460  CPU @ 3.20GHz, 4 cores, 7G,  Windows 7 , 64 bit Build 7601 (6.1.7601.23915)
Time: Fri Feb 02 11:57:05 2018 ¢¥eCN©öI¡¾©ö C¡ÍA¨ª¨öA elapsed time: 2067 seconds (0d 0h 34m 27s)

---------------  T H R E A D  ---------------

Current thread (0x0000000024d73000):  VMThread "VM Thread" [stack: 0x0000000024f50000,0x0000000025050000] [id=8940]

Stack: [0x0000000024f50000,0x0000000025050000],  sp=0x000000002504ea50,  free space=1018k
Native frames: (J=compiled Java code, j=interpreted, Vv=VM code, C=native code)
V  [jvm.dll+0x32bd50]
V  [jvm.dll+0x327708]
V  [jvm.dll+0x34200f]
V  [jvm.dll+0x34522d]
V  [jvm.dll+0x2968e0]
V  [jvm.dll+0x2969d9]
V  [jvm.dll+0x2f8671]
V  [jvm.dll+0x2f3eac]
V  [jvm.dll+0x2f4d6a]
V  [jvm.dll+0x2f654e]
V  [jvm.dll+0x2f3d05]
V  [jvm.dll+0x2f3173]
V  [jvm.dll+0x57845f]
V  [jvm.dll+0x57876c]
V  [jvm.dll+0x578613]
V  [jvm.dll+0x578e0c]
V  [jvm.dll+0x546f8a]
V  [jvm.dll+0x465261]
V  [jvm.dll+0x6a34eb]
V  [jvm.dll+0x6a1c85]
V  [jvm.dll+0x6a2461]
V  [jvm.dll+0x6a274c]
V  [jvm.dll+0x5864e0]
C  [msvcr120.dll+0x24f7f]
C  [msvcr120.dll+0x25126]
C  [kernel32.dll+0x159cd]
C  [ntdll.dll+0x2a561]


siginfo: EXCEPTION_ACCESS_VIOLATION (0xc0000005), reading address 0xffffffffffffffff


Register to memory mapping:

RIP=0x0000000062b3bd50 jvm.dll
RAX=0x65646e4979617272 is an unknown value
RBX=0x0000000024d73000 is an unknown value
RCX=0x000000013fb716d0 is pointing into metadata
RDX=0x65646e4979617272 is an unknown value
RSP=0x000000002504ea50 is an unknown value
RBP=0x0000000000000003 is an unknown value
RSI=0x000000002504eb10 is an unknown value
RDI=0x0000000000000000 is an unknown value
R8 =0x0000000024d73000 is an unknown value
R9 =0x65646e4979617272 is an unknown value
R10=0x000000000000006e is an unknown value
R11=0x000000000000006e is an unknown value
R12=0x000000002504f301 is an unknown value
R13=0x0000000000000000 is an unknown value
R14=0x000000000000004c is an unknown value
R15=0x0000000000000001 is an unknown value


Registers:
RAX=0x65646e4979617272, RBX=0x0000000024d73000, RCX=0x000000013fb716d0, RDX=0x65646e4979617272
RSP=0x000000002504ea50, RBP=0x0000000000000003, RSI=0x000000002504eb10, RDI=0x0000000000000000
R8 =0x0000000024d73000, R9 =0x65646e4979617272, R10=0x000000000000006e, R11=0x000000000000006e
R12=0x000000002504f301, R13=0x0000000000000000, R14=0x000000000000004c, R15=0x0000000000000001
RIP=0x0000000062b3bd50, EFLAGS=0x0000000000010246

Top of Stack: (sp=0x000000002504ea50)
0x000000002504ea50:   000000013fb716d0 0000000062e1020c
0x000000002504ea60:   0000000000000000 0000000024d73000
0x000000002504ea70:   0000000000000000 0000000062b37708
0x000000002504ea80:   000000013fb716d0 0000000024d73000
0x000000002504ea90:   000000002504eb10 0000000024d73000
0x000000002504eaa0:   000000002504eb80 0000000062b5200f
0x000000002504eab0:   0000000024d73000 0000000062b040d6
0x000000002504eac0:   0000000000000000 000000002504f1a0
0x000000002504ead0:   0000000000000000 0000000024c51010
0x000000002504eae0:   000000002504eb80 0000000062b5522d
0x000000002504eaf0:   0000000062faba20 000000002504ece0
0x000000002504eb00:   000000000000004c 000000000000000c
0x000000002504eb10:   000000002504eb30 0000000000000001
0x000000002504eb20:   0000000024d73000 000000002504ece0
0x000000002504eb30:   0000000000000000 0000000062aa68e0
0x000000002504eb40:   000000002504ecd0 0000000000000001 

Instructions: (pc=0x0000000062b3bd50)
0x0000000062b3bd30:   8b d8 e8 c9 89 d8 ff 48 83 7b 08 00 4c 8b c8 74
0x0000000062b3bd40:   04 33 ff eb 23 80 3d c9 ac 62 00 00 74 05 33 ff
0x0000000062b3bd50:   89 78 0c 48 8d 4d fe 48 8d 78 10 48 85 c9 74 05
0x0000000062b3bd60:   33 c0 f3 48 ab 49 8b f9 48 83 7b 08 00 48 8b 74 


VM_Operation (0x0000000025c9f510): GetOrSetLocal, mode: safepoint, requested by thread 0x0000000025f0a800


---------------  P R O C E S S  ---------------

Java Threads: ( => current thread )
  0x0000000025f21800 JavaThread "Service Thread" daemon [_thread_blocked, id=8860, stack(0x00000000267c0000,0x00000000268c0000)]
  0x0000000025f19800 JavaThread "JDWP Command Reader" daemon [_thread_in_native, id=4152, stack(0x0000000026930000,0x0000000026a30000)]
  0x0000000025f0f000 JavaThread "JDWP Event Helper Thread" daemon [_thread_blocked, id=8344, stack(0x00000000265a0000,0x00000000266a0000)]
  0x0000000025f0a800 JavaThread "JDWP Transport Listener: dt_socket" daemon [_thread_blocked, id=8472, stack(0x0000000025ba0000,0x0000000025ca0000)]
  0x0000000024e4c800 JavaThread "Common-Cleaner" daemon [_thread_blocked, id=8616, stack(0x0000000026250000,0x0000000026350000)]
  0x0000000024dbf000 JavaThread "Sweeper thread" daemon [_thread_blocked, id=8540, stack(0x0000000025ce0000,0x0000000025de0000)]
  0x0000000024da5000 JavaThread "C1 CompilerThread2" daemon [_thread_blocked, id=1176, stack(0x0000000025a00000,0x0000000025b00000)]
  0x0000000024da4800 JavaThread "C2 CompilerThread1" daemon [_thread_blocked, id=4204, stack(0x00000000258e0000,0x00000000259e0000)]
  0x0000000024d99800 JavaThread "C2 CompilerThread0" daemon [_thread_blocked, id=8852, stack(0x0000000025700000,0x0000000025800000)]
  0x0000000024d96800 JavaThread "Attach Listener" daemon [_thread_blocked, id=9536, stack(0x0000000025570000,0x0000000025670000)]
  0x0000000024d95800 JavaThread "Signal Dispatcher" daemon [_thread_blocked, id=5656, stack(0x00000000253e0000,0x00000000254e0000)]
  0x0000000024d7e800 JavaThread "Finalizer" daemon [_thread_blocked, id=9668, stack(0x00000000250a0000,0x00000000251a0000)]
  0x0000000024d75000 JavaThread "Reference Handler" daemon [_thread_blocked, id=9448, stack(0x0000000025210000,0x0000000025310000)]
  0x0000000000339000 JavaThread "main" [_thread_blocked, id=8032, stack(0x0000000002380000,0x0000000002480000)]

Other Threads:
=>0x0000000024d73000 VMThread "VM Thread" [stack: 0x0000000024f50000,0x0000000025050000] [id=8940]
  0x0000000025f37800 WatcherThread [stack: 0x0000000026b50000,0x0000000026c50000] [id=9468]
  0x000000000034e800 GCTaskThread "GC Thread#0" [stack: 0x000000001be30000,0x000000001bf30000] [id=8568]
  0x0000000000350000 GCTaskThread "GC Thread#1" [stack: 0x000000001c0a0000,0x000000001c1a0000] [id=7120]
  0x0000000000352000 GCTaskThread "GC Thread#2" [stack: 0x000000001c2b0000,0x000000001c3b0000] [id=7996]
  0x0000000000355800 GCTaskThread "GC Thread#3" [stack: 0x000000001c3e0000,0x000000001c4e0000] [id=7224]
  0x0000000021c74000 ConcurrentGCThread "G1 Main Marker" [stack: 0x0000000021d30000,0x0000000021e30000] [id=9996]
  0x000000000039c000 ConcurrentGCThread "G1 Marker#0" [stack: 0x0000000021f10000,0x0000000022010000] [id=9400]
  0x0000000000366800 ConcurrentGCThread "G1 Refine#0" [stack: 0x000000001c9a0000,0x000000001caa0000] [id=8224]
  0x0000000000365000 ConcurrentGCThread "G1 Refine#1" [stack: 0x000000001cab0000,0x000000001cbb0000] [id=9696]
  0x000000000035a000 ConcurrentGCThread "G1 Refine#2" [stack: 0x000000001c8a0000,0x000000001c9a0000] [id=9688]
  0x0000000000358000 ConcurrentGCThread "G1 Refine#3" [stack: 0x000000001c730000,0x000000001c830000] [id=732]
  0x0000000000368000 ConcurrentGCThread "G1 Young RemSet Sampling" [stack: 0x000000001cbf0000,0x000000001ccf0000] [id=9892]

Threads with active compile tasks:

VM state:at safepoint (normal execution)

VM Mutex/Monitor currently owned by a thread:  ([mutex/lock_event])
[0x00000000003349b0] Threads_lock - owner thread: 0x0000000024d73000

Heap address: 0x0000000081800000, size: 2024 MB, Compressed Oops mode: 32-bit
Narrow klass base: 0x0000000000000000, Narrow klass shift: 3
Compressed class space size: 1073741824 Address: 0x000000013fb70000

Heap:
 garbage-first heap   total 131072K, used 2048K [0x0000000081800000, 0x0000000081900400, 0x0000000100000000)
  region size 1024K, 3 young (3072K), 0 survivors (0K)
 Metaspace       used 7074K, capacity 7250K, committed 7424K, reserved 1056768K
  class space    used 631K, capacity 664K, committed 768K, reserved 1048576K
Heap Regions: E=young(eden), S=young(survivor), O=old, HS=humongous(starts), HC=humongous(continues), CS=collection set, F=free, A=archive, TS=gc time stamp, AC=allocation context, TAMS=top-at-mark-start (previous, next)
|   0|0x0000000081800000, 0x0000000081800000, 0x0000000081900000|  0%| F|  |TS  0|AC  0|TAMS 0x0000000081800000, 0x0000000081800000|
|   1|0x0000000081900000, 0x0000000081900000, 0x0000000081a00000|  0%| F|  |TS  0|AC  0|TAMS 0x0000000081900000, 0x0000000081900000|
|   2|0x0000000081a00000, 0x0000000081a00000, 0x0000000081b00000|  0%| F|  |TS  0|AC  0|TAMS 0x0000000081a00000, 0x0000000081a00000|
|   3|0x0000000081b00000, 0x0000000081b00000, 0x0000000081c00000|  0%| F|  |TS  0|AC  0|TAMS 0x0000000081b00000, 0x0000000081b00000|
|   4|0x0000000081c00000, 0x0000000081c00000, 0x0000000081d00000|  0%| F|  |TS  0|AC  0|TAMS 0x0000000081c00000, 0x0000000081c00000|
|   5|0x0000000081d00000, 0x0000000081d00000, 0x0000000081e00000|  0%| F|  |TS  0|AC  0|TAMS 0x0000000081d00000, 0x0000000081d00000|
|   6|0x0000000081e00000, 0x0000000081e00000, 0x0000000081f00000|  0%| F|  |TS  0|AC  0|TAMS 0x0000000081e00000, 0x0000000081e00000|
|   7|0x0000000081f00000, 0x0000000081f00000, 0x0000000082000000|  0%| F|  |TS  0|AC  0|TAMS 0x0000000081f00000, 0x0000000081f00000|
|   8|0x0000000082000000, 0x0000000082000000, 0x0000000082100000|  0%| F|  |TS  0|AC  0|TAMS 0x0000000082000000, 0x0000000082000000|
|   9|0x0000000082100000, 0x0000000082100000, 0x0000000082200000|  0%| F|  |TS  0|AC  0|TAMS 0x0000000082100000, 0x0000000082100000|
|  10|0x0000000082200000, 0x0000000082200000, 0x0000000082300000|  0%| F|  |TS  0|AC  0|TAMS 0x0000000082200000, 0x0000000082200000|
|  11|0x0000000082300000, 0x0000000082300000, 0x0000000082400000|  0%| F|  |TS  0|AC  0|TAMS 0x0000000082300000, 0x0000000082300000|
|  12|0x0000000082400000, 0x0000000082400000, 0x0000000082500000|  0%| F|  |TS  0|AC  0|TAMS 0x0000000082400000, 0x0000000082400000|
|  13|0x0000000082500000, 0x0000000082500000, 0x0000000082600000|  0%| F|  |TS  0|AC  0|TAMS 0x0000000082500000, 0x0000000082500000|
|  14|0x0000000082600000, 0x0000000082600000, 0x0000000082700000|  0%| F|  |TS  0|AC  0|TAMS 0x0000000082600000, 0x0000000082600000|
|  15|0x0000000082700000, 0x0000000082700000, 0x0000000082800000|  0%| F|  |TS  0|AC  0|TAMS 0x0000000082700000, 0x0000000082700000|
|  16|0x0000000082800000, 0x0000000082800000, 0x0000000082900000|  0%| F|  |TS  0|AC  0|TAMS 0x0000000082800000, 0x0000000082800000|
|  17|0x0000000082900000, 0x0000000082900000, 0x0000000082a00000|  0%| F|  |TS  0|AC  0|TAMS 0x0000000082900000, 0x0000000082900000|
|  18|0x0000000082a00000, 0x0000000082a00000, 0x0000000082b00000|  0%| F|  |TS  0|AC  0|TAMS 0x0000000082a00000, 0x0000000082a00000|
|  19|0x0000000082b00000, 0x0000000082b00000, 0x0000000082c00000|  0%| F|  |TS  0|AC  0|TAMS 0x0000000082b00000, 0x0000000082b00000|
|  20|0x0000000082c00000, 0x0000000082c00000, 0x0000000082d00000|  0%| F|  |TS  0|AC  0|TAMS 0x0000000082c00000, 0x0000000082c00000|
|  21|0x0000000082d00000, 0x0000000082d00000, 0x0000000082e00000|  0%| F|  |TS  0|AC  0|TAMS 0x0000000082d00000, 0x0000000082d00000|
|  22|0x0000000082e00000, 0x0000000082e00000, 0x0000000082f00000|  0%| F|  |TS  0|AC  0|TAMS 0x0000000082e00000, 0x0000000082e00000|
|  23|0x0000000082f00000, 0x0000000082f00000, 0x0000000083000000|  0%| F|  |TS  0|AC  0|TAMS 0x0000000082f00000, 0x0000000082f00000|
|  24|0x0000000083000000, 0x0000000083000000, 0x0000000083100000|  0%| F|  |TS  0|AC  0|TAMS 0x0000000083000000, 0x0000000083000000|
|  25|0x0000000083100000, 0x0000000083100000, 0x0000000083200000|  0%| F|  |TS  0|AC  0|TAMS 0x0000000083100000, 0x0000000083100000|
|  26|0x0000000083200000, 0x0000000083200000, 0x0000000083300000|  0%| F|  |TS  0|AC  0|TAMS 0x0000000083200000, 0x0000000083200000|
|  27|0x0000000083300000, 0x0000000083300000, 0x0000000083400000|  0%| F|  |TS  0|AC  0|TAMS 0x0000000083300000, 0x0000000083300000|
|  28|0x0000000083400000, 0x0000000083400000, 0x0000000083500000|  0%| F|  |TS  0|AC  0|TAMS 0x0000000083400000, 0x0000000083400000|
|  29|0x0000000083500000, 0x0000000083500000, 0x0000000083600000|  0%| F|  |TS  0|AC  0|TAMS 0x0000000083500000, 0x0000000083500000|
|  30|0x0000000083600000, 0x0000000083600000, 0x0000000083700000|  0%| F|  |TS  0|AC  0|TAMS 0x0000000083600000, 0x0000000083600000|
|  31|0x0000000083700000, 0x0000000083700000, 0x0000000083800000|  0%| F|  |TS  0|AC  0|TAMS 0x0000000083700000, 0x0000000083700000|
|  32|0x0000000083800000, 0x0000000083800000, 0x0000000083900000|  0%| F|  |TS  0|AC  0|TAMS 0x0000000083800000, 0x0000000083800000|
|  33|0x0000000083900000, 0x0000000083900000, 0x0000000083a00000|  0%| F|  |TS  0|AC  0|TAMS 0x0000000083900000, 0x0000000083900000|
|  34|0x0000000083a00000, 0x0000000083a00000, 0x0000000083b00000|  0%| F|  |TS  0|AC  0|TAMS 0x0000000083a00000, 0x0000000083a00000|
|  35|0x0000000083b00000, 0x0000000083b00000, 0x0000000083c00000|  0%| F|  |TS  0|AC  0|TAMS 0x0000000083b00000, 0x0000000083b00000|
|  36|0x0000000083c00000, 0x0000000083c00000, 0x0000000083d00000|  0%| F|  |TS  0|AC  0|TAMS 0x0000000083c00000, 0x0000000083c00000|
|  37|0x0000000083d00000, 0x0000000083d00000, 0x0000000083e00000|  0%| F|  |TS  0|AC  0|TAMS 0x0000000083d00000, 0x0000000083d00000|
|  38|0x0000000083e00000, 0x0000000083e00000, 0x0000000083f00000|  0%| F|  |TS  0|AC  0|TAMS 0x0000000083e00000, 0x0000000083e00000|
|  39|0x0000000083f00000, 0x0000000083f00000, 0x0000000084000000|  0%| F|  |TS  0|AC  0|TAMS 0x0000000083f00000, 0x0000000083f00000|
|  40|0x0000000084000000, 0x0000000084000000, 0x0000000084100000|  0%| F|  |TS  0|AC  0|TAMS 0x0000000084000000, 0x0000000084000000|
|  41|0x0000000084100000, 0x0000000084100000, 0x0000000084200000|  0%| F|  |TS  0|AC  0|TAMS 0x0000000084100000, 0x0000000084100000|
|  42|0x0000000084200000, 0x0000000084200000, 0x0000000084300000|  0%| F|  |TS  0|AC  0|TAMS 0x0000000084200000, 0x0000000084200000|
|  43|0x0000000084300000, 0x0000000084300000, 0x0000000084400000|  0%| F|  |TS  0|AC  0|TAMS 0x0000000084300000, 0x0000000084300000|
|  44|0x0000000084400000, 0x0000000084400000, 0x0000000084500000|  0%| F|  |TS  0|AC  0|TAMS 0x0000000084400000, 0x0000000084400000|
|  45|0x0000000084500000, 0x0000000084500000, 0x0000000084600000|  0%| F|  |TS  0|AC  0|TAMS 0x0000000084500000, 0x0000000084500000|
|  46|0x0000000084600000, 0x0000000084600000, 0x0000000084700000|  0%| F|  |TS  0|AC  0|TAMS 0x0000000084600000, 0x0000000084600000|
|  47|0x0000000084700000, 0x0000000084700000, 0x0000000084800000|  0%| F|  |TS  0|AC  0|TAMS 0x0000000084700000, 0x0000000084700000|
|  48|0x0000000084800000, 0x0000000084800000, 0x0000000084900000|  0%| F|  |TS  0|AC  0|TAMS 0x0000000084800000, 0x0000000084800000|
|  49|0x0000000084900000, 0x0000000084900000, 0x0000000084a00000|  0%| F|  |TS  0|AC  0|TAMS 0x0000000084900000, 0x0000000084900000|
|  50|0x0000000084a00000, 0x0000000084a00000, 0x0000000084b00000|  0%| F|  |TS  0|AC  0|TAMS 0x0000000084a00000, 0x0000000084a00000|
|  51|0x0000000084b00000, 0x0000000084b00000, 0x0000000084c00000|  0%| F|  |TS  0|AC  0|TAMS 0x0000000084b00000, 0x0000000084b00000|
|  52|0x0000000084c00000, 0x0000000084c00000, 0x0000000084d00000|  0%| F|  |TS  0|AC  0|TAMS 0x0000000084c00000, 0x0000000084c00000|
|  53|0x0000000084d00000, 0x0000000084d00000, 0x0000000084e00000|  0%| F|  |TS  0|AC  0|TAMS 0x0000000084d00000, 0x0000000084d00000|
|  54|0x0000000084e00000, 0x0000000084e00000, 0x0000000084f00000|  0%| F|  |TS  0|AC  0|TAMS 0x0000000084e00000, 0x0000000084e00000|
|  55|0x0000000084f00000, 0x0000000084f00000, 0x0000000085000000|  0%| F|  |TS  0|AC  0|TAMS 0x0000000084f00000, 0x0000000084f00000|
|  56|0x0000000085000000, 0x0000000085000000, 0x0000000085100000|  0%| F|  |TS  0|AC  0|TAMS 0x0000000085000000, 0x0000000085000000|
|  57|0x0000000085100000, 0x0000000085100000, 0x0000000085200000|  0%| F|  |TS  0|AC  0|TAMS 0x0000000085100000, 0x0000000085100000|
|  58|0x0000000085200000, 0x0000000085200000, 0x0000000085300000|  0%| F|  |TS  0|AC  0|TAMS 0x0000000085200000, 0x0000000085200000|
|  59|0x0000000085300000, 0x0000000085300000, 0x0000000085400000|  0%| F|  |TS  0|AC  0|TAMS 0x0000000085300000, 0x0000000085300000|
|  60|0x0000000085400000, 0x0000000085400000, 0x0000000085500000|  0%| F|  |TS  0|AC  0|TAMS 0x0000000085400000, 0x0000000085400000|
|  61|0x0000000085500000, 0x0000000085500000, 0x0000000085600000|  0%| F|  |TS  0|AC  0|TAMS 0x0000000085500000, 0x0000000085500000|
|  62|0x0000000085600000, 0x0000000085600000, 0x0000000085700000|  0%| F|  |TS  0|AC  0|TAMS 0x0000000085600000, 0x0000000085600000|
|  63|0x0000000085700000, 0x0000000085700000, 0x0000000085800000|  0%| F|  |TS  0|AC  0|TAMS 0x0000000085700000, 0x0000000085700000|
|  64|0x0000000085800000, 0x0000000085800000, 0x0000000085900000|  0%| F|  |TS  0|AC  0|TAMS 0x0000000085800000, 0x0000000085800000|
|  65|0x0000000085900000, 0x0000000085900000, 0x0000000085a00000|  0%| F|  |TS  0|AC  0|TAMS 0x0000000085900000, 0x0000000085900000|
|  66|0x0000000085a00000, 0x0000000085a00000, 0x0000000085b00000|  0%| F|  |TS  0|AC  0|TAMS 0x0000000085a00000, 0x0000000085a00000|
|  67|0x0000000085b00000, 0x0000000085b00000, 0x0000000085c00000|  0%| F|  |TS  0|AC  0|TAMS 0x0000000085b00000, 0x0000000085b00000|
|  68|0x0000000085c00000, 0x0000000085c00000, 0x0000000085d00000|  0%| F|  |TS  0|AC  0|TAMS 0x0000000085c00000, 0x0000000085c00000|
|  69|0x0000000085d00000, 0x0000000085d00000, 0x0000000085e00000|  0%| F|  |TS  0|AC  0|TAMS 0x0000000085d00000, 0x0000000085d00000|
|  70|0x0000000085e00000, 0x0000000085e00000, 0x0000000085f00000|  0%| F|  |TS  0|AC  0|TAMS 0x0000000085e00000, 0x0000000085e00000|
|  71|0x0000000085f00000, 0x0000000085f00000, 0x0000000086000000|  0%| F|  |TS  0|AC  0|TAMS 0x0000000085f00000, 0x0000000085f00000|
|  72|0x0000000086000000, 0x0000000086000000, 0x0000000086100000|  0%| F|  |TS  0|AC  0|TAMS 0x0000000086000000, 0x0000000086000000|
|  73|0x0000000086100000, 0x0000000086100000, 0x0000000086200000|  0%| F|  |TS  0|AC  0|TAMS 0x0000000086100000, 0x0000000086100000|
|  74|0x0000000086200000, 0x0000000086200000, 0x0000000086300000|  0%| F|  |TS  0|AC  0|TAMS 0x0000000086200000, 0x0000000086200000|
|  75|0x0000000086300000, 0x0000000086300000, 0x0000000086400000|  0%| F|  |TS  0|AC  0|TAMS 0x0000000086300000, 0x0000000086300000|
|  76|0x0000000086400000, 0x0000000086400000, 0x0000000086500000|  0%| F|  |TS  0|AC  0|TAMS 0x0000000086400000, 0x0000000086400000|
|  77|0x0000000086500000, 0x0000000086500000, 0x0000000086600000|  0%| F|  |TS  0|AC  0|TAMS 0x0000000086500000, 0x0000000086500000|
|  78|0x0000000086600000, 0x0000000086600000, 0x0000000086700000|  0%| F|  |TS  0|AC  0|TAMS 0x0000000086600000, 0x0000000086600000|
|  79|0x0000000086700000, 0x0000000086700000, 0x0000000086800000|  0%| F|  |TS  0|AC  0|TAMS 0x0000000086700000, 0x0000000086700000|
|  80|0x0000000086800000, 0x0000000086800000, 0x0000000086900000|  0%| F|  |TS  0|AC  0|TAMS 0x0000000086800000, 0x0000000086800000|
|  81|0x0000000086900000, 0x0000000086900000, 0x0000000086a00000|  0%| F|  |TS  0|AC  0|TAMS 0x0000000086900000, 0x0000000086900000|
|  82|0x0000000086a00000, 0x0000000086a00000, 0x0000000086b00000|  0%| F|  |TS  0|AC  0|TAMS 0x0000000086a00000, 0x0000000086a00000|
|  83|0x0000000086b00000, 0x0000000086b00000, 0x0000000086c00000|  0%| F|  |TS  0|AC  0|TAMS 0x0000000086b00000, 0x0000000086b00000|
|  84|0x0000000086c00000, 0x0000000086c00000, 0x0000000086d00000|  0%| F|  |TS  0|AC  0|TAMS 0x0000000086c00000, 0x0000000086c00000|
|  85|0x0000000086d00000, 0x0000000086d00000, 0x0000000086e00000|  0%| F|  |TS  0|AC  0|TAMS 0x0000000086d00000, 0x0000000086d00000|
|  86|0x0000000086e00000, 0x0000000086e00000, 0x0000000086f00000|  0%| F|  |TS  0|AC  0|TAMS 0x0000000086e00000, 0x0000000086e00000|
|  87|0x0000000086f00000, 0x0000000086f00000, 0x0000000087000000|  0%| F|  |TS  0|AC  0|TAMS 0x0000000086f00000, 0x0000000086f00000|
|  88|0x0000000087000000, 0x0000000087000000, 0x0000000087100000|  0%| F|  |TS  0|AC  0|TAMS 0x0000000087000000, 0x0000000087000000|
|  89|0x0000000087100000, 0x0000000087100000, 0x0000000087200000|  0%| F|  |TS  0|AC  0|TAMS 0x0000000087100000, 0x0000000087100000|
|  90|0x0000000087200000, 0x0000000087200000, 0x0000000087300000|  0%| F|  |TS  0|AC  0|TAMS 0x0000000087200000, 0x0000000087200000|
|  91|0x0000000087300000, 0x0000000087300000, 0x0000000087400000|  0%| F|  |TS  0|AC  0|TAMS 0x0000000087300000, 0x0000000087300000|
|  92|0x0000000087400000, 0x0000000087400000, 0x0000000087500000|  0%| F|  |TS  0|AC  0|TAMS 0x0000000087400000, 0x0000000087400000|
|  93|0x0000000087500000, 0x0000000087500000, 0x0000000087600000|  0%| F|  |TS  0|AC  0|TAMS 0x0000000087500000, 0x0000000087500000|
|  94|0x0000000087600000, 0x0000000087600000, 0x0000000087700000|  0%| F|  |TS  0|AC  0|TAMS 0x0000000087600000, 0x0000000087600000|
|  95|0x0000000087700000, 0x0000000087700000, 0x0000000087800000|  0%| F|  |TS  0|AC  0|TAMS 0x0000000087700000, 0x0000000087700000|
|  96|0x0000000087800000, 0x0000000087800000, 0x0000000087900000|  0%| F|  |TS  0|AC  0|TAMS 0x0000000087800000, 0x0000000087800000|
|  97|0x0000000087900000, 0x0000000087900000, 0x0000000087a00000|  0%| F|  |TS  0|AC  0|TAMS 0x0000000087900000, 0x0000000087900000|
|  98|0x0000000087a00000, 0x0000000087a00000, 0x0000000087b00000|  0%| F|  |TS  0|AC  0|TAMS 0x0000000087a00000, 0x0000000087a00000|
|  99|0x0000000087b00000, 0x0000000087b00000, 0x0000000087c00000|  0%| F|  |TS  0|AC  0|TAMS 0x0000000087b00000, 0x0000000087b00000|
| 100|0x0000000087c00000, 0x0000000087c00000, 0x0000000087d00000|  0%| F|  |TS  0|AC  0|TAMS 0x0000000087c00000, 0x0000000087c00000|
| 101|0x0000000087d00000, 0x0000000087d00000, 0x0000000087e00000|  0%| F|  |TS  0|AC  0|TAMS 0x0000000087d00000, 0x0000000087d00000|
| 102|0x0000000087e00000, 0x0000000087e00000, 0x0000000087f00000|  0%| F|  |TS  0|AC  0|TAMS 0x0000000087e00000, 0x0000000087e00000|
| 103|0x0000000087f00000, 0x0000000087f00000, 0x0000000088000000|  0%| F|  |TS  0|AC  0|TAMS 0x0000000087f00000, 0x0000000087f00000|
| 104|0x0000000088000000, 0x0000000088000000, 0x0000000088100000|  0%| F|  |TS  0|AC  0|TAMS 0x0000000088000000, 0x0000000088000000|
| 105|0x0000000088100000, 0x0000000088100000, 0x0000000088200000|  0%| F|  |TS  0|AC  0|TAMS 0x0000000088100000, 0x0000000088100000|
| 106|0x0000000088200000, 0x0000000088200000, 0x0000000088300000|  0%| F|  |TS  0|AC  0|TAMS 0x0000000088200000, 0x0000000088200000|
| 107|0x0000000088300000, 0x0000000088300000, 0x0000000088400000|  0%| F|  |TS  0|AC  0|TAMS 0x0000000088300000, 0x0000000088300000|
| 108|0x0000000088400000, 0x0000000088400000, 0x0000000088500000|  0%| F|  |TS  0|AC  0|TAMS 0x0000000088400000, 0x0000000088400000|
| 109|0x0000000088500000, 0x0000000088500000, 0x0000000088600000|  0%| F|  |TS  0|AC  0|TAMS 0x0000000088500000, 0x0000000088500000|
| 110|0x0000000088600000, 0x0000000088600000, 0x0000000088700000|  0%| F|  |TS  0|AC  0|TAMS 0x0000000088600000, 0x0000000088600000|
| 111|0x0000000088700000, 0x0000000088700000, 0x0000000088800000|  0%| F|  |TS  0|AC  0|TAMS 0x0000000088700000, 0x0000000088700000|
| 112|0x0000000088800000, 0x0000000088800000, 0x0000000088900000|  0%| F|  |TS  0|AC  0|TAMS 0x0000000088800000, 0x0000000088800000|
| 113|0x0000000088900000, 0x0000000088900000, 0x0000000088a00000|  0%| F|  |TS  0|AC  0|TAMS 0x0000000088900000, 0x0000000088900000|
| 114|0x0000000088a00000, 0x0000000088a00000, 0x0000000088b00000|  0%| F|  |TS  0|AC  0|TAMS 0x0000000088a00000, 0x0000000088a00000|
| 115|0x0000000088b00000, 0x0000000088b00000, 0x0000000088c00000|  0%| F|  |TS  0|AC  0|TAMS 0x0000000088b00000, 0x0000000088b00000|
| 116|0x0000000088c00000, 0x0000000088c00000, 0x0000000088d00000|  0%| F|  |TS  0|AC  0|TAMS 0x0000000088c00000, 0x0000000088c00000|
| 117|0x0000000088d00000, 0x0000000088d00000, 0x0000000088e00000|  0%| F|  |TS  0|AC  0|TAMS 0x0000000088d00000, 0x0000000088d00000|
| 118|0x0000000088e00000, 0x0000000088e00000, 0x0000000088f00000|  0%| F|  |TS  0|AC  0|TAMS 0x0000000088e00000, 0x0000000088e00000|
| 119|0x0000000088f00000, 0x0000000088f00000, 0x0000000089000000|  0%| F|  |TS  0|AC  0|TAMS 0x0000000088f00000, 0x0000000088f00000|
| 120|0x0000000089000000, 0x0000000089000000, 0x0000000089100000|  0%| F|  |TS  0|AC  0|TAMS 0x0000000089000000, 0x0000000089000000|
| 121|0x0000000089100000, 0x0000000089100000, 0x0000000089200000|  0%| F|  |TS  0|AC  0|TAMS 0x0000000089100000, 0x0000000089100000|
| 122|0x0000000089200000, 0x0000000089200000, 0x0000000089300000|  0%| F|  |TS  0|AC  0|TAMS 0x0000000089200000, 0x0000000089200000|
| 123|0x0000000089300000, 0x0000000089300000, 0x0000000089400000|  0%| F|  |TS  0|AC  0|TAMS 0x0000000089300000, 0x0000000089300000|
| 124|0x0000000089400000, 0x0000000089400000, 0x0000000089500000|  0%| F|  |TS  0|AC  0|TAMS 0x0000000089400000, 0x0000000089400000|
| 125|0x0000000089500000, 0x0000000089600000, 0x0000000089600000|100%| E|  |TS  0|AC  0|TAMS 0x0000000089500000, 0x0000000089500000|
| 126|0x0000000089600000, 0x0000000089700000, 0x0000000089700000|100%| E|CS|TS  0|AC  0|TAMS 0x0000000089600000, 0x0000000089600000|
| 127|0x0000000089700000, 0x0000000089800000, 0x0000000089800000|100%| E|CS|TS  0|AC  0|TAMS 0x0000000089700000, 0x0000000089700000|

Card table byte_map: [0x000000001d4f0000,0x000000001d8f0000] byte_map_base: 0x000000001d0e4000

Marking Bits (Prev, Next): (CMBitMap*) 0x000000000039b8d0, (CMBitMap*) 0x000000000039b908
 Prev Bits: [0x000000001dcf0000, 0x000000001fc90000)
 Next Bits: [0x000000001fc90000, 0x0000000021c30000)

Polling page: 0x00000000000e0000

CodeHeap 'non-profiled nmethods': size=120064Kb used=55Kb max_used=55Kb free=120008Kb
 bounds [0x0000000014660000, 0x00000000148d0000, 0x000000001bba0000]
CodeHeap 'profiled nmethods': size=120000Kb used=182Kb max_used=193Kb free=119817Kb
 bounds [0x000000000d130000, 0x000000000d3a0000, 0x0000000014660000]
CodeHeap 'non-nmethods': size=5696Kb used=1191Kb max_used=1191Kb free=4505Kb
 bounds [0x000000000cba0000, 0x000000000ce10000, 0x000000000d130000]
 total_blobs=568 nmethods=164 adapters=255
 compilation: enabled

Compilation events (10 events):
Event: 0.193 Thread 0x0000000024da5000  146       3       java.lang.AbstractStringBuilder::isLatin1 (19 bytes)
Event: 0.193 Thread 0x0000000024da5000 nmethod 146 0x000000000d15d890 code [0x000000000d15da40, 0x000000000d15dc10]
Event: 0.193 Thread 0x0000000024da5000  147       3       java.util.Arrays::copyOfRange (63 bytes)
Event: 0.194 Thread 0x0000000024da5000 nmethod 147 0x000000000d15dc90 code [0x000000000d15df40, 0x000000000d15ed38]
Event: 0.194 Thread 0x0000000024da5000  148       3       sun.nio.fs.WindowsPathParser::isInvalidPathChar (22 bytes)
Event: 0.194 Thread 0x0000000024da5000 nmethod 148 0x000000000d15f190 code [0x000000000d15f360, 0x000000000d15f808]
Event: 0.194 Thread 0x0000000024da5000  149       3       java.lang.StringLatin1::newString (17 bytes)
Event: 0.194 Thread 0x0000000024da5000 nmethod 149 0x000000000d15f990 code [0x000000000d15fb60, 0x000000000d15fe68]
Event: 0.200 Thread 0x0000000024da5000  150       3       sun.nio.cs.DoubleByte$Encoder::encodeChar (21 bytes)
Event: 0.200 Thread 0x0000000024da5000 nmethod 150 0x000000000d15ff90 code [0x000000000d160140, 0x000000000d1602f0]

GC Heap History (0 events):
No events

Deoptimization events (0 events):
No events

Classes redefined (3 events):
Event: 322.952 Thread 0x0000000024d73000 redefined class name=simple.Main, count=1
Event: 2008.341 Thread 0x0000000024d73000 redefined class name=simple.Main, count=2
Event: 2053.185 Thread 0x0000000024d73000 redefined class name=simple.Main, count=3

Internal exceptions (0 events):
No events

Events (10 events):
Event: 2053.193 Executing VM operation: GetFrameCount done
Event: 2053.194 Executing VM operation: GetFrameLocation
Event: 2053.194 Executing VM operation: GetFrameLocation done
Event: 2053.357 Executing VM operation: GetFrameCount
Event: 2053.357 Executing VM operation: GetFrameCount done
Event: 2053.358 Executing VM operation: GetOwnedMonitorInfo
Event: 2053.358 Executing VM operation: GetOwnedMonitorInfo done
Event: 2053.358 Executing VM operation: GetCurrentContendedMonitor
Event: 2053.358 Executing VM operation: GetCurrentContendedMonitor done
Event: 2067.127 Executing VM operation: GetOrSetLocal


Dynamic libraries:
0x000000013fb30000 - 0x000000013fb6e000 	C:\Program Files\Java\jdk-9.0.1\bin\javaw.exe
0x0000000077600000 - 0x00000000777aa000 	C:\Windows\SYSTEM32\ntdll.dll
0x00000000773e0000 - 0x00000000774ff000 	C:\Windows\system32\kernel32.dll
0x000007fefd3d0000 - 0x000007fefd43a000 	C:\Windows\system32\KERNELBASE.dll
0x000007fefe770000 - 0x000007fefe84b000 	C:\Windows\system32\ADVAPI32.dll
0x000007fefe360000 - 0x000007fefe3ff000 	C:\Windows\system32\msvcrt.dll
0x000007fefe150000 - 0x000007fefe16f000 	C:\Windows\SYSTEM32\sechost.dll
0x000007fefd9d0000 - 0x000007fefdafd000 	C:\Windows\system32\RPCRT4.dll
0x0000000077500000 - 0x00000000775fa000 	C:\Windows\system32\USER32.dll
0x000007fefd780000 - 0x000007fefd7e7000 	C:\Windows\system32\GDI32.dll
0x000007fefdb20000 - 0x000007fefdb2e000 	C:\Windows\system32\LPK.dll
0x000007fefd6b0000 - 0x000007fefd77b000 	C:\Windows\system32\USP10.dll
0x000007fefb950000 - 0x000007fefbb44000 	C:\Windows\WinSxS\amd64_microsoft.windows.common-controls_6595b64144ccf1df_6.0.7601.18837_none_fa3b1e3d17594757\COMCTL32.dll
0x000007fefdb30000 - 0x000007fefdba1000 	C:\Windows\system32\SHLWAPI.dll
0x000007fefc230000 - 0x000007fefc23c000 	C:\Windows\system32\VERSION.dll
0x000007fefe120000 - 0x000007fefe14e000 	C:\Windows\system32\IMM32.DLL
0x000007fefe170000 - 0x000007fefe279000 	C:\Windows\system32\MSCTF.dll
0x000007fef0900000 - 0x000007fef09ef000 	C:\Program Files\Java\jdk-9.0.1\bin\msvcr120.dll
0x000007fedf3c0000 - 0x000007fedf466000 	C:\Program Files\Java\jdk-9.0.1\bin\msvcp120.dll
0x0000000062810000 - 0x0000000063234000 	C:\Program Files\Java\jdk-9.0.1\bin\server\jvm.dll
0x000007fef0410000 - 0x000007fef0419000 	C:\Windows\system32\WSOCK32.dll
0x000007fefe500000 - 0x000007fefe54d000 	C:\Windows\system32\WS2_32.dll
0x000007fefe760000 - 0x000007fefe768000 	C:\Windows\system32\NSI.dll
0x000007fef9c50000 - 0x000007fef9c8b000 	C:\Windows\system32\WINMM.dll
0x00000000777c0000 - 0x00000000777c7000 	C:\Windows\system32\PSAPI.DLL
0x000007feef240000 - 0x000007feef24f000 	C:\Program Files\Java\jdk-9.0.1\bin\verify.dll
0x000007feebe00000 - 0x000007feebe27000 	C:\Program Files\Java\jdk-9.0.1\bin\java.dll
0x000007fef08c0000 - 0x000007fef08f6000 	C:\Program Files\Java\jdk-9.0.1\bin\jdwp.dll
0x000007feecce0000 - 0x000007feeccf6000 	C:\Program Files\Java\jdk-9.0.1\bin\zip.dll
0x000007feeeaf0000 - 0x000007feeeafa000 	C:\Program Files\Java\jdk-9.0.1\bin\jimage.dll
0x000007fefe850000 - 0x000007feff5da000 	C:\Windows\system32\SHELL32.dll
0x000007fefdbb0000 - 0x000007fefddac000 	C:\Windows\system32\ole32.dll
0x000007fefd300000 - 0x000007fefd30f000 	C:\Windows\system32\profapi.dll
0x000007feeb870000 - 0x000007feeb88a000 	C:\Program Files\Java\jdk-9.0.1\bin\net.dll
0x000007fef9ee0000 - 0x000007fef9f51000 	C:\Windows\system32\WINHTTP.dll
0x000007fef9e70000 - 0x000007fef9ed4000 	C:\Windows\system32\webio.dll
0x000007fefcac0000 - 0x000007fefcb15000 	C:\Windows\system32\mswsock.dll
0x000007fefcab0000 - 0x000007fefcab7000 	C:\Windows\System32\wship6.dll
0x000007feeb640000 - 0x000007feeb651000 	C:\Program Files\Java\jdk-9.0.1\bin\nio.dll
0x000007fef08b0000 - 0x000007fef08ba000 	C:\Program Files\Java\jdk-9.0.1\bin\dt_socket.dll
0x000007fefc940000 - 0x000007fefc99b000 	C:\Windows\system32\DNSAPI.dll
0x000007fefad00000 - 0x000007fefad27000 	C:\Windows\system32\IPHLPAPI.DLL
0x000007feface0000 - 0x000007fefaceb000 	C:\Windows\system32\WINNSI.DLL
0x000007fefaba0000 - 0x000007fefabf3000 	C:\Windows\System32\fwpuclnt.dll
0x000007fef9700000 - 0x000007fef9708000 	C:\Windows\system32\rasadhlp.dll
0x000007fefc4a0000 - 0x000007fefc4a7000 	C:\Windows\System32\wshtcpip.dll
0x000007fef6100000 - 0x000007fef6225000 	C:\Windows\system32\dbghelp.dll

VM Arguments:
jvm_args: -agentlib:jdwp=transport=dt_socket,suspend=y,address=localhost:51773 -Dfile.encoding=MS949 
java_command: simple.Main
java_class_path (initial): C:\Users\Admin\eclipse-workspace\openAPI\bin;C:\Users\Admin\eclipse-workspace\openAPI\lib\json-simple-1.1.1.jar
Launcher Type: SUN_STANDARD

Logging:
Log output configuration:
#0: stdout all=warning uptime,level,tags
#1: stderr all=off uptime,level,tags

Environment Variables:
JAVA_HOME=C:\Program Files\Java\jdk-9.0.1
PATH=C:/Program Files/Java/jdk-9.0.1/bin/server;C:/Program Files/Java/jdk-9.0.1/bin;C:\Program Files\Java\jdk-9.0.1\bin;C:\ProgramData\Oracle\Java\javapath;C:\Windows\system32;C:\Windows;C:\Windows\System32\Wbem;C:\Windows\System32\WindowsPowerShell\v1.0\;C:\Program Files\Microsoft\Web Platform Installer\;C:\Program Files (x86)\Microsoft ASP.NET\ASP.NET Web Pages\v1.0\;C:\Program Files\Microsoft SQL Server\110\Tools\Binn\;C:\Program Files\Bandizip\;C:\Windows\system32;
USERNAME=Admin
OS=Windows_NT
PROCESSOR_IDENTIFIER=Intel64 Family 6 Model 60 Stepping 3, GenuineIntel



---------------  S Y S T E M  ---------------

OS: Windows 7 , 64 bit Build 7601 (6.1.7601.23915)

CPU:total 4 (initial active 4) (4 cores per cpu, 1 threads per core) family 6 model 60 stepping 3, cmov, cx8, fxsr, mmx, sse, sse2, sse3, ssse3, sse4.1, sse4.2, popcnt, avx, avx2, aes, clmul, erms, lzcnt, tsc, tscinvbit, bmi1, bmi2, fma

Memory: 4k page, physical 8286584k(4651236k free), swap 16571308k(11971960k free)

vm_info: Java HotSpot(TM) 64-Bit Server VM (9.0.1+11) for windows-amd64 JRE (9.0.1+11), built on Sep 28 2017 04:54:03 by "mach5one" with MS VC++ 12.0 (VS2013)

END.
